;  LST file generated by mikroListExporter - v.2.0 
; Date/Time: 28/10/2018 22:06:51
;----------------------------------------------

;Address Opcode 	ASM
0x0000	0x2A38      	GOTO       568
_Delay_1us:
;__Lib_Delays.mbas,29 :: 		sub procedure Delay_1us()
;__Lib_Delays.mbas,30 :: 		Delay_us(1)
0x0003	0x0000      	NOP
0x0004	0x0000      	NOP
;__Lib_Delays.mbas,31 :: 		end sub
L_end_Delay_1us:
0x0005	0x0008      	RETURN
; end of _Delay_1us
_Delay_5500us:
;__Lib_Delays.mbas,53 :: 		sub procedure Delay_5500us()
;__Lib_Delays.mbas,54 :: 		Delay_us(5500)
0x0006	0x300F      	MOVLW      15
0x0007	0x1283      	BCF        STATUS, 5
0x0008	0x1303      	BCF        STATUS, 6
0x0009	0x00FC      	MOVWF      R12
0x000A	0x3047      	MOVLW      71
0x000B	0x00FD      	MOVWF      R13
L__Delay_5500us13:
0x000C	0x0BFD      	DECFSZ     R13, 1
0x000D	0x280C      	GOTO       L__Delay_5500us13
0x000E	0x0BFC      	DECFSZ     R12, 1
0x000F	0x280C      	GOTO       L__Delay_5500us13
0x0010	0x0000      	NOP
0x0011	0x0000      	NOP
;__Lib_Delays.mbas,55 :: 		end sub
L_end_Delay_5500us:
0x0012	0x0008      	RETURN
; end of _Delay_5500us
_Delay_50us:
;__Lib_Delays.mbas,41 :: 		sub procedure Delay_50us()
;__Lib_Delays.mbas,42 :: 		Delay_us(50)
0x0013	0x3021      	MOVLW      33
0x0014	0x1283      	BCF        STATUS, 5
0x0015	0x1303      	BCF        STATUS, 6
0x0016	0x00FD      	MOVWF      R13
L__Delay_50us7:
0x0017	0x0BFD      	DECFSZ     R13, 1
0x0018	0x2817      	GOTO       L__Delay_50us7
;__Lib_Delays.mbas,43 :: 		end sub
L_end_Delay_50us:
0x0019	0x0008      	RETURN
; end of _Delay_50us
_Lcd_Cmd:
;__Lib_Lcd.mpas,33 :: 		
;__Lib_Lcd.mpas,34 :: 		
0x001A	0x1283      	BCF        STATUS, 5
0x001B	0x1303      	BCF        STATUS, 6
0x001C	0x1BCC      	BTFSC      FARG_Lcd_Cmd_out_char, 7
0x001D	0x2820      	GOTO       L__Lcd_Cmd46
0x001E	0x1287      	BCF        LCD_D7, BitPos(LCD_D7+0)
0x001F	0x2821      	GOTO       L__Lcd_Cmd47
L__Lcd_Cmd46:
0x0020	0x1687      	BSF        LCD_D7, BitPos(LCD_D7+0)
L__Lcd_Cmd47:
;__Lib_Lcd.mpas,35 :: 		
0x0021	0x1B4C      	BTFSC      FARG_Lcd_Cmd_out_char, 6
0x0022	0x2825      	GOTO       L__Lcd_Cmd48
0x0023	0x1207      	BCF        LCD_D6, BitPos(LCD_D6+0)
0x0024	0x2826      	GOTO       L__Lcd_Cmd49
L__Lcd_Cmd48:
0x0025	0x1607      	BSF        LCD_D6, BitPos(LCD_D6+0)
L__Lcd_Cmd49:
;__Lib_Lcd.mpas,36 :: 		
0x0026	0x1ACC      	BTFSC      FARG_Lcd_Cmd_out_char, 5
0x0027	0x282A      	GOTO       L__Lcd_Cmd50
0x0028	0x1187      	BCF        LCD_D5, BitPos(LCD_D5+0)
0x0029	0x282B      	GOTO       L__Lcd_Cmd51
L__Lcd_Cmd50:
0x002A	0x1587      	BSF        LCD_D5, BitPos(LCD_D5+0)
L__Lcd_Cmd51:
;__Lib_Lcd.mpas,37 :: 		
0x002B	0x1A4C      	BTFSC      FARG_Lcd_Cmd_out_char, 4
0x002C	0x282F      	GOTO       L__Lcd_Cmd52
0x002D	0x1107      	BCF        LCD_D4, BitPos(LCD_D4+0)
0x002E	0x2830      	GOTO       L__Lcd_Cmd53
L__Lcd_Cmd52:
0x002F	0x1507      	BSF        LCD_D4, BitPos(LCD_D4+0)
L__Lcd_Cmd53:
;__Lib_Lcd.mpas,39 :: 		
0x0030	0x1836      	BTFSC      __Lib_Lcd_cmd_status, BitPos(__Lib_Lcd_cmd_status+0)
0x0031	0x2834      	GOTO       L__Lcd_Cmd54
0x0032	0x1407      	BSF        LCD_RS, BitPos(LCD_RS+0)
0x0033	0x2835      	GOTO       L__Lcd_Cmd55
L__Lcd_Cmd54:
0x0034	0x1007      	BCF        LCD_RS, BitPos(LCD_RS+0)
L__Lcd_Cmd55:
;__Lib_Lcd.mpas,42 :: 		
0x0035	0x1487      	BSF        LCD_EN, BitPos(LCD_EN+0)
;__Lib_Lcd.mpas,43 :: 		
0x0036	0x2003      	CALL       _Delay_1us
;__Lib_Lcd.mpas,44 :: 		
0x0037	0x1087      	BCF        LCD_EN, BitPos(LCD_EN+0)
;__Lib_Lcd.mpas,47 :: 		
0x0038	0x19CC      	BTFSC      FARG_Lcd_Cmd_out_char, 3
0x0039	0x283C      	GOTO       L__Lcd_Cmd56
0x003A	0x1287      	BCF        LCD_D7, BitPos(LCD_D7+0)
0x003B	0x283D      	GOTO       L__Lcd_Cmd57
L__Lcd_Cmd56:
0x003C	0x1687      	BSF        LCD_D7, BitPos(LCD_D7+0)
L__Lcd_Cmd57:
;__Lib_Lcd.mpas,48 :: 		
0x003D	0x194C      	BTFSC      FARG_Lcd_Cmd_out_char, 2
0x003E	0x2841      	GOTO       L__Lcd_Cmd58
0x003F	0x1207      	BCF        LCD_D6, BitPos(LCD_D6+0)
0x0040	0x2842      	GOTO       L__Lcd_Cmd59
L__Lcd_Cmd58:
0x0041	0x1607      	BSF        LCD_D6, BitPos(LCD_D6+0)
L__Lcd_Cmd59:
;__Lib_Lcd.mpas,49 :: 		
0x0042	0x18CC      	BTFSC      FARG_Lcd_Cmd_out_char, 1
0x0043	0x2846      	GOTO       L__Lcd_Cmd60
0x0044	0x1187      	BCF        LCD_D5, BitPos(LCD_D5+0)
0x0045	0x2847      	GOTO       L__Lcd_Cmd61
L__Lcd_Cmd60:
0x0046	0x1587      	BSF        LCD_D5, BitPos(LCD_D5+0)
L__Lcd_Cmd61:
;__Lib_Lcd.mpas,50 :: 		
0x0047	0x184C      	BTFSC      FARG_Lcd_Cmd_out_char, 0
0x0048	0x284B      	GOTO       L__Lcd_Cmd62
0x0049	0x1107      	BCF        LCD_D4, BitPos(LCD_D4+0)
0x004A	0x284C      	GOTO       L__Lcd_Cmd63
L__Lcd_Cmd62:
0x004B	0x1507      	BSF        LCD_D4, BitPos(LCD_D4+0)
L__Lcd_Cmd63:
;__Lib_Lcd.mpas,52 :: 		
0x004C	0x1836      	BTFSC      __Lib_Lcd_cmd_status, BitPos(__Lib_Lcd_cmd_status+0)
0x004D	0x2850      	GOTO       L__Lcd_Cmd64
0x004E	0x1407      	BSF        LCD_RS, BitPos(LCD_RS+0)
0x004F	0x2851      	GOTO       L__Lcd_Cmd65
L__Lcd_Cmd64:
0x0050	0x1007      	BCF        LCD_RS, BitPos(LCD_RS+0)
L__Lcd_Cmd65:
;__Lib_Lcd.mpas,54 :: 		
0x0051	0x1487      	BSF        LCD_EN, BitPos(LCD_EN+0)
;__Lib_Lcd.mpas,55 :: 		
0x0052	0x2003      	CALL       _Delay_1us
;__Lib_Lcd.mpas,56 :: 		
0x0053	0x1087      	BCF        LCD_EN, BitPos(LCD_EN+0)
;__Lib_Lcd.mpas,58 :: 		
0x0054	0x1C36      	BTFSS      __Lib_Lcd_cmd_status, BitPos(__Lib_Lcd_cmd_status+0)
0x0055	0x2858      	GOTO       L__Lcd_Cmd2
;__Lib_Lcd.mpas,59 :: 		
0x0056	0x2006      	CALL       _Delay_5500us
0x0057	0x2859      	GOTO       L__Lcd_Cmd3
;__Lib_Lcd.mpas,60 :: 		
L__Lcd_Cmd2:
;__Lib_Lcd.mpas,61 :: 		
0x0058	0x2013      	CALL       _Delay_50us
L__Lcd_Cmd3:
;__Lib_Lcd.mpas,62 :: 		
L_end_Lcd_Cmd:
0x0059	0x0008      	RETURN
; end of _Lcd_Cmd
_Lcd_Chr_CP:
;__Lib_Lcd.mpas,65 :: 		
;__Lib_Lcd.mpas,66 :: 		
0x005A	0x1283      	BCF        STATUS, 5
0x005B	0x1303      	BCF        STATUS, 6
0x005C	0x1036      	BCF        __Lib_Lcd_cmd_status, BitPos(__Lib_Lcd_cmd_status+0)
;__Lib_Lcd.mpas,67 :: 		
0x005D	0x084B      	MOVF       FARG_Lcd_Chr_CP_Out_Char, 0
0x005E	0x00CC      	MOVWF      FARG_Lcd_Cmd_out_char
0x005F	0x201A      	CALL       _Lcd_Cmd
;__Lib_Lcd.mpas,68 :: 		
0x0060	0x1436      	BSF        __Lib_Lcd_cmd_status, BitPos(__Lib_Lcd_cmd_status+0)
;__Lib_Lcd.mpas,69 :: 		
L_end_Lcd_Chr_CP:
0x0061	0x0008      	RETURN
; end of _Lcd_Chr_CP
_Delay_500us:
;__Lib_Delays.mbas,49 :: 		sub procedure Delay_500us()
;__Lib_Delays.mbas,50 :: 		Delay_us(498)
0x0062	0x3002      	MOVLW      2
0x0063	0x1283      	BCF        STATUS, 5
0x0064	0x1303      	BCF        STATUS, 6
0x0065	0x00FC      	MOVWF      R12
0x0066	0x3049      	MOVLW      73
0x0067	0x00FD      	MOVWF      R13
L__Delay_500us11:
0x0068	0x0BFD      	DECFSZ     R13, 1
0x0069	0x2868      	GOTO       L__Delay_500us11
0x006A	0x0BFC      	DECFSZ     R12, 1
0x006B	0x2868      	GOTO       L__Delay_500us11
0x006C	0x0000      	NOP
0x006D	0x0000      	NOP
;__Lib_Delays.mbas,51 :: 		end sub
L_end_Delay_500us:
0x006E	0x0008      	RETURN
; end of _Delay_500us
_Div_8x8_U:
;__Lib_Math.mpas,173 :: 		
;__Lib_Math.mpas,180 :: 		
0x006F	0x1283      	BCF        STATUS, 5
0x0070	0x1303      	BCF        STATUS, 6
0x0071	0x0874      	MOVF       R4, 0
0x0072	0x3A00      	XORLW      0
0x0073	0x1D03      	BTFSS      STATUS, 2
0x0074	0x2878      	GOTO       L__Div_8x8_U4
;__Lib_Math.mpas,182 :: 		
0x0075	0x30FF      	MOVLW      255
0x0076	0x00F0      	MOVWF      R0
;__Lib_Math.mpas,183 :: 		
0x0077	0x2888      	GOTO       L_end__Div_8x8_U
;__Lib_Math.mpas,184 :: 		
L__Div_8x8_U4:
;__Lib_Math.mpas,187 :: 		
0x0078	0x1283      	BCF        STATUS, 5
;__Lib_Math.mpas,188 :: 		
0x0079	0x1303      	BCF        STATUS, 6
;__Lib_Math.mpas,189 :: 		
0x007A	0x01F8      	CLRF       R8
;__Lib_Math.mpas,190 :: 		
0x007B	0x3008      	MOVLW      8
;__Lib_Math.mpas,191 :: 		
0x007C	0x00FC      	MOVWF      R12
;__Lib_Math.mpas,192 :: 		
0x007D	0x0D70      	RLF        R0, 0
;__Lib_Math.mpas,193 :: 		
0x007E	0x0DF8      	RLF        R8, 1
;__Lib_Math.mpas,194 :: 		
0x007F	0x0874      	MOVF       R4, 0
;__Lib_Math.mpas,195 :: 		
0x0080	0x02F8      	SUBWF      R8, 1
;__Lib_Math.mpas,196 :: 		
0x0081	0x1803      	BTFSC      STATUS, 0
;__Lib_Math.mpas,197 :: 		
0x0082	0x2885      	GOTO       $+3
;__Lib_Math.mpas,198 :: 		
0x0083	0x07F8      	ADDWF      R8, 1
;__Lib_Math.mpas,199 :: 		
0x0084	0x1003      	BCF        STATUS, 0
;__Lib_Math.mpas,200 :: 		
0x0085	0x0DF0      	RLF        R0, 1
;__Lib_Math.mpas,201 :: 		
0x0086	0x0BFC      	DECFSZ     R12, 1
;__Lib_Math.mpas,202 :: 		
0x0087	0x287D      	GOTO       $-10
;__Lib_Math.mpas,204 :: 		
L_end__Div_8x8_U:
L_end_Div_8x8_U:
0x0088	0x0008      	RETURN
; end of _Div_8x8_U
___CS2S:
;__Lib_System.mpas,111 :: 		
;__Lib_System.mpas,112 :: 		
0x0089	0x0804      	MOVF       FSR, 0
0x008A	0x1283      	BCF        STATUS, 5
0x008B	0x1303      	BCF        STATUS, 6
0x008C	0x00F0      	MOVWF      R0
;__Lib_System.mpas,113 :: 		
0x008D	0x0871      	MOVF       R1, 0
0x008E	0x0084      	MOVWF      FSR
;__Lib_System.mpas,115 :: 		
L_loopCS2Ss:
;__Lib_System.mpas,116 :: 		
0x008F	0x0800      	MOVF       INDF, 0
;__Lib_System.mpas,117 :: 		
0x0090	0x1903      	BTFSC      STATUS, 2
;__Lib_System.mpas,118 :: 		
0x0091	0x289E      	GOTO       L_CS2Send
;__Lib_System.mpas,119 :: 		
0x0092	0x00F2      	MOVWF      R2
;__Lib_System.mpas,120 :: 		
0x0093	0x0A04      	INCF       FSR, 0
;__Lib_System.mpas,121 :: 		
0x0094	0x00F1      	MOVWF      R1
;__Lib_System.mpas,122 :: 		
0x0095	0x0870      	MOVF       R0, 0
;__Lib_System.mpas,123 :: 		
0x0096	0x0084      	MOVWF      FSR
;__Lib_System.mpas,124 :: 		
0x0097	0x0872      	MOVF       R2, 0
;__Lib_System.mpas,125 :: 		
0x0098	0x0080      	MOVWF      INDF
;__Lib_System.mpas,126 :: 		
0x0099	0x0A04      	INCF       FSR, 0
;__Lib_System.mpas,127 :: 		
0x009A	0x00F0      	MOVWF      R0
;__Lib_System.mpas,128 :: 		
0x009B	0x0871      	MOVF       R1, 0
;__Lib_System.mpas,129 :: 		
0x009C	0x0084      	MOVWF      FSR
;__Lib_System.mpas,130 :: 		
0x009D	0x288F      	GOTO       L_loopCS2Ss
;__Lib_System.mpas,131 :: 		
L_CS2Send:
;__Lib_System.mpas,133 :: 		
0x009E	0x0870      	MOVF       R0, 0
0x009F	0x0084      	MOVWF      FSR
;__Lib_System.mpas,134 :: 		
L_end___CS2S:
0x00A0	0x0008      	RETURN
; end of ___CS2S
_EEPROM_Write:
;__Lib_EEPROM.mpas,27 :: 		
;__Lib_EEPROM.mpas,28 :: 		
L__EEPROM_Write3:
0x00A1	0x1683      	BSF        STATUS, 5
0x00A2	0x1703      	BSF        STATUS, 6
0x00A3	0x1C8C      	BTFSS      EECON1, 1
0x00A4	0x28A7      	GOTO       L__EEPROM_Write4
0x00A5	0x0000      	NOP
0x00A6	0x28A1      	GOTO       L__EEPROM_Write3
L__EEPROM_Write4:
;__Lib_EEPROM.mpas,30 :: 		
0x00A7	0x1283      	BCF        STATUS, 5
0x00A8	0x1303      	BCF        STATUS, 6
0x00A9	0x0845      	MOVF       FARG_EEPROM_Write_address, 0
0x00AA	0x1703      	BSF        STATUS, 6
0x00AB	0x008D      	MOVWF      EEADR
;__Lib_EEPROM.mpas,31 :: 		
0x00AC	0x1303      	BCF        STATUS, 6
0x00AD	0x0846      	MOVF       FARG_EEPROM_Write_data_, 0
0x00AE	0x1703      	BSF        STATUS, 6
0x00AF	0x008C      	MOVWF      EEDATA
;__Lib_EEPROM.mpas,32 :: 		
0x00B0	0x1683      	BSF        STATUS, 5
0x00B1	0x138C      	BCF        EECON1, 7
;__Lib_EEPROM.mpas,33 :: 		
0x00B2	0x150C      	BSF        EECON1, 2
;__Lib_EEPROM.mpas,35 :: 		
0x00B3	0x080B      	MOVF       INTCON, 0
0x00B4	0x00F0      	MOVWF      R0
;__Lib_EEPROM.mpas,38 :: 		
0x00B5	0x138B      	BCF        INTCON, 7
;__Lib_EEPROM.mpas,39 :: 		
0x00B6	0x3055      	MOVLW      85
0x00B7	0x008D      	MOVWF      EECON2
;__Lib_EEPROM.mpas,40 :: 		
0x00B8	0x30AA      	MOVLW      170
0x00B9	0x008D      	MOVWF      EECON2
;__Lib_EEPROM.mpas,41 :: 		
0x00BA	0x148C      	BSF        EECON1, 1
;__Lib_EEPROM.mpas,45 :: 		
0x00BB	0x1BF0      	BTFSC      R0, 7
0x00BC	0x28BF      	GOTO       L__EEPROM_Write9
0x00BD	0x138B      	BCF        INTCON, 7
0x00BE	0x28C0      	GOTO       L__EEPROM_Write10
L__EEPROM_Write9:
0x00BF	0x178B      	BSF        INTCON, 7
L__EEPROM_Write10:
;__Lib_EEPROM.mpas,46 :: 		
0x00C0	0x110C      	BCF        EECON1, 2
;__Lib_EEPROM.mpas,47 :: 		
L_end_EEPROM_Write:
0x00C1	0x0008      	RETURN
; end of _EEPROM_Write
_DecToBin:
;VideoSwitch.mbas,37 :: 		DIM tmpport AS STRING[3]
0x00C2	0x1283      	BCF        STATUS, 5
0x00C3	0x1303      	BCF        STATUS, 6
0x00C4	0x0870      	MOVF       R0, 0
0x00C5	0x00C6      	MOVWF      DecToBin_local_result
;VideoSwitch.mbas,39 :: 		CASE 1
0x00C6	0x0845      	MOVF       FARG_DecToBin_decin, 0
0x00C7	0x3A01      	XORLW      1
0x00C8	0x1D03      	BTFSS      STATUS, 2
0x00C9	0x28D2      	GOTO       L__DecToBin4
;VideoSwitch.mbas,40 :: 		tmpport = "000"
0x00CA	0x3030      	MOVLW      48
0x00CB	0x00C7      	MOVWF      DecToBin_tmpport
0x00CC	0x3030      	MOVLW      48
0x00CD	0x00C8      	MOVWF      DecToBin_tmpport+1
0x00CE	0x3030      	MOVLW      48
0x00CF	0x00C9      	MOVWF      DecToBin_tmpport+2
0x00D0	0x01CA      	CLRF       DecToBin_tmpport+3
0x00D1	0x2926      	GOTO       L__DecToBin1
L__DecToBin4:
;VideoSwitch.mbas,41 :: 		CASE 2
0x00D2	0x0845      	MOVF       FARG_DecToBin_decin, 0
0x00D3	0x3A02      	XORLW      2
0x00D4	0x1D03      	BTFSS      STATUS, 2
0x00D5	0x28DE      	GOTO       L__DecToBin7
;VideoSwitch.mbas,42 :: 		tmpport = "001"
0x00D6	0x3030      	MOVLW      48
0x00D7	0x00C7      	MOVWF      DecToBin_tmpport
0x00D8	0x3030      	MOVLW      48
0x00D9	0x00C8      	MOVWF      DecToBin_tmpport+1
0x00DA	0x3031      	MOVLW      49
0x00DB	0x00C9      	MOVWF      DecToBin_tmpport+2
0x00DC	0x01CA      	CLRF       DecToBin_tmpport+3
0x00DD	0x2926      	GOTO       L__DecToBin1
L__DecToBin7:
;VideoSwitch.mbas,43 :: 		CASE 3
0x00DE	0x0845      	MOVF       FARG_DecToBin_decin, 0
0x00DF	0x3A03      	XORLW      3
0x00E0	0x1D03      	BTFSS      STATUS, 2
0x00E1	0x28EA      	GOTO       L__DecToBin10
;VideoSwitch.mbas,44 :: 		tmpport = "010"
0x00E2	0x3030      	MOVLW      48
0x00E3	0x00C7      	MOVWF      DecToBin_tmpport
0x00E4	0x3031      	MOVLW      49
0x00E5	0x00C8      	MOVWF      DecToBin_tmpport+1
0x00E6	0x3030      	MOVLW      48
0x00E7	0x00C9      	MOVWF      DecToBin_tmpport+2
0x00E8	0x01CA      	CLRF       DecToBin_tmpport+3
0x00E9	0x2926      	GOTO       L__DecToBin1
L__DecToBin10:
;VideoSwitch.mbas,45 :: 		CASE 4
0x00EA	0x0845      	MOVF       FARG_DecToBin_decin, 0
0x00EB	0x3A04      	XORLW      4
0x00EC	0x1D03      	BTFSS      STATUS, 2
0x00ED	0x28F6      	GOTO       L__DecToBin13
;VideoSwitch.mbas,46 :: 		tmpport = "011"
0x00EE	0x3030      	MOVLW      48
0x00EF	0x00C7      	MOVWF      DecToBin_tmpport
0x00F0	0x3031      	MOVLW      49
0x00F1	0x00C8      	MOVWF      DecToBin_tmpport+1
0x00F2	0x3031      	MOVLW      49
0x00F3	0x00C9      	MOVWF      DecToBin_tmpport+2
0x00F4	0x01CA      	CLRF       DecToBin_tmpport+3
0x00F5	0x2926      	GOTO       L__DecToBin1
L__DecToBin13:
;VideoSwitch.mbas,47 :: 		CASE 5
0x00F6	0x0845      	MOVF       FARG_DecToBin_decin, 0
0x00F7	0x3A05      	XORLW      5
0x00F8	0x1D03      	BTFSS      STATUS, 2
0x00F9	0x2902      	GOTO       L__DecToBin16
;VideoSwitch.mbas,48 :: 		tmpport = "100"
0x00FA	0x3031      	MOVLW      49
0x00FB	0x00C7      	MOVWF      DecToBin_tmpport
0x00FC	0x3030      	MOVLW      48
0x00FD	0x00C8      	MOVWF      DecToBin_tmpport+1
0x00FE	0x3030      	MOVLW      48
0x00FF	0x00C9      	MOVWF      DecToBin_tmpport+2
0x0100	0x01CA      	CLRF       DecToBin_tmpport+3
0x0101	0x2926      	GOTO       L__DecToBin1
L__DecToBin16:
;VideoSwitch.mbas,49 :: 		CASE 6
0x0102	0x0845      	MOVF       FARG_DecToBin_decin, 0
0x0103	0x3A06      	XORLW      6
0x0104	0x1D03      	BTFSS      STATUS, 2
0x0105	0x290E      	GOTO       L__DecToBin19
;VideoSwitch.mbas,50 :: 		tmpport = "101"
0x0106	0x3031      	MOVLW      49
0x0107	0x00C7      	MOVWF      DecToBin_tmpport
0x0108	0x3030      	MOVLW      48
0x0109	0x00C8      	MOVWF      DecToBin_tmpport+1
0x010A	0x3031      	MOVLW      49
0x010B	0x00C9      	MOVWF      DecToBin_tmpport+2
0x010C	0x01CA      	CLRF       DecToBin_tmpport+3
0x010D	0x2926      	GOTO       L__DecToBin1
L__DecToBin19:
;VideoSwitch.mbas,51 :: 		CASE 7
0x010E	0x0845      	MOVF       FARG_DecToBin_decin, 0
0x010F	0x3A07      	XORLW      7
0x0110	0x1D03      	BTFSS      STATUS, 2
0x0111	0x291A      	GOTO       L__DecToBin22
;VideoSwitch.mbas,52 :: 		tmpport = "110"
0x0112	0x3031      	MOVLW      49
0x0113	0x00C7      	MOVWF      DecToBin_tmpport
0x0114	0x3031      	MOVLW      49
0x0115	0x00C8      	MOVWF      DecToBin_tmpport+1
0x0116	0x3030      	MOVLW      48
0x0117	0x00C9      	MOVWF      DecToBin_tmpport+2
0x0118	0x01CA      	CLRF       DecToBin_tmpport+3
0x0119	0x2926      	GOTO       L__DecToBin1
L__DecToBin22:
;VideoSwitch.mbas,53 :: 		CASE 8
0x011A	0x0845      	MOVF       FARG_DecToBin_decin, 0
0x011B	0x3A08      	XORLW      8
0x011C	0x1D03      	BTFSS      STATUS, 2
0x011D	0x2926      	GOTO       L__DecToBin25
;VideoSwitch.mbas,54 :: 		tmpport = "111"
0x011E	0x3031      	MOVLW      49
0x011F	0x00C7      	MOVWF      DecToBin_tmpport
0x0120	0x3031      	MOVLW      49
0x0121	0x00C8      	MOVWF      DecToBin_tmpport+1
0x0122	0x3031      	MOVLW      49
0x0123	0x00C9      	MOVWF      DecToBin_tmpport+2
0x0124	0x01CA      	CLRF       DecToBin_tmpport+3
0x0125	0x2926      	GOTO       L__DecToBin1
L__DecToBin25:
L__DecToBin1:
;VideoSwitch.mbas,56 :: 		result = tmpport
0x0126	0x0846      	MOVF       DecToBin_local_result, 0
0x0127	0x0084      	MOVWF      FSR
0x0128	0x3047      	MOVLW      DecToBin_tmpport
0x0129	0x00F1      	MOVWF      R1
0x012A	0x2089      	CALL       ___CS2S
0x012B	0x0180      	CLRF       INDF
;VideoSwitch.mbas,57 :: 		END SUB
L_end_DecToBin:
0x012C	0x0008      	RETURN
; end of _DecToBin
_EEPROM_Read:
;__Lib_EEPROM.mpas,13 :: 		
;__Lib_EEPROM.mpas,14 :: 		
0x012D	0x1283      	BCF        STATUS, 5
0x012E	0x1303      	BCF        STATUS, 6
0x012F	0x0845      	MOVF       FARG_EEPROM_Read_address, 0
0x0130	0x1703      	BSF        STATUS, 6
0x0131	0x008D      	MOVWF      EEADR
;__Lib_EEPROM.mpas,15 :: 		
0x0132	0x1683      	BSF        STATUS, 5
0x0133	0x138C      	BCF        EECON1, 7
;__Lib_EEPROM.mpas,21 :: 		
0x0134	0x140C      	BSF        EECON1, 0
;__Lib_EEPROM.mpas,22 :: 		
0x0135	0x1283      	BCF        STATUS, 5
0x0136	0x080C      	MOVF       EEDATA, 0
0x0137	0x00F1      	MOVWF      R1
;__Lib_EEPROM.mpas,23 :: 		
0x0138	0x0871      	MOVF       R1, 0
0x0139	0x00F0      	MOVWF      R0
L_end_EEPROM_Read:
0x013A	0x0008      	RETURN
; end of _EEPROM_Read
_ByteToStr:
;__Lib_Conversions.mpas,103 :: 		
;__Lib_Conversions.mpas,104 :: 		
0x013B	0x1283      	BCF        STATUS, 5
0x013C	0x1303      	BCF        STATUS, 6
0x013D	0x0846      	MOVF       FARG_ByteToStr_output, 0
0x013E	0x0084      	MOVWF      FSR
0x013F	0x3020      	MOVLW      32
0x0140	0x0080      	MOVWF      INDF
0x0141	0x0A84      	INCF       FSR, 1
0x0142	0x3020      	MOVLW      32
0x0143	0x0080      	MOVWF      INDF
0x0144	0x0A84      	INCF       FSR, 1
0x0145	0x3030      	MOVLW      48
0x0146	0x0080      	MOVWF      INDF
0x0147	0x0A84      	INCF       FSR, 1
0x0148	0x0180      	CLRF       INDF
0x0149	0x0A84      	INCF       FSR, 1
;__Lib_Conversions.mpas,105 :: 		
0x014A	0x3002      	MOVLW      2
0x014B	0x0746      	ADDWF      FARG_ByteToStr_output, 0
0x014C	0x00C7      	MOVWF      ByteToStr_ptr
;__Lib_Conversions.mpas,106 :: 		
L__ByteToStr8:
0x014D	0x0845      	MOVF       FARG_ByteToStr_input, 0
0x014E	0x3A00      	XORLW      0
0x014F	0x1903      	BTFSC      STATUS, 2
0x0150	0x2967      	GOTO       L__ByteToStr9
;__Lib_Conversions.mpas,108 :: 		
0x0151	0x300A      	MOVLW      10
0x0152	0x00F4      	MOVWF      R4
0x0153	0x0845      	MOVF       FARG_ByteToStr_input, 0
0x0154	0x00F0      	MOVWF      R0
0x0155	0x206F      	CALL       _Div_8x8_U
0x0156	0x0878      	MOVF       R8, 0
0x0157	0x00F0      	MOVWF      R0
0x0158	0x3030      	MOVLW      48
0x0159	0x07F0      	ADDWF      R0, 1
0x015A	0x0847      	MOVF       ByteToStr_ptr, 0
0x015B	0x0084      	MOVWF      FSR
0x015C	0x0870      	MOVF       R0, 0
0x015D	0x0080      	MOVWF      INDF
;__Lib_Conversions.mpas,109 :: 		
0x015E	0x300A      	MOVLW      10
0x015F	0x00F4      	MOVWF      R4
0x0160	0x0845      	MOVF       FARG_ByteToStr_input, 0
0x0161	0x00F0      	MOVWF      R0
0x0162	0x206F      	CALL       _Div_8x8_U
0x0163	0x0870      	MOVF       R0, 0
0x0164	0x00C5      	MOVWF      FARG_ByteToStr_input
;__Lib_Conversions.mpas,110 :: 		
0x0165	0x03C7      	DECF       ByteToStr_ptr, 1
;__Lib_Conversions.mpas,111 :: 		
0x0166	0x294D      	GOTO       L__ByteToStr8
L__ByteToStr9:
;__Lib_Conversions.mpas,112 :: 		
L_end_ByteToStr:
0x0167	0x0008      	RETURN
; end of _ByteToStr
_Lcd_Init:
;__Lib_Lcd.mpas,104 :: 		
;__Lib_Lcd.mpas,106 :: 		
0x0168	0x1683      	BSF        STATUS, 5
0x0169	0x1303      	BCF        STATUS, 6
0x016A	0x1087      	BCF        LCD_EN_Direction, BitPos(LCD_EN_Direction+0)
;__Lib_Lcd.mpas,107 :: 		
0x016B	0x1007      	BCF        LCD_RS_Direction, BitPos(LCD_RS_Direction+0)
;__Lib_Lcd.mpas,108 :: 		
0x016C	0x1107      	BCF        LCD_D4_Direction, BitPos(LCD_D4_Direction+0)
;__Lib_Lcd.mpas,109 :: 		
0x016D	0x1187      	BCF        LCD_D5_Direction, BitPos(LCD_D5_Direction+0)
;__Lib_Lcd.mpas,110 :: 		
0x016E	0x1207      	BCF        LCD_D6_Direction, BitPos(LCD_D6_Direction+0)
;__Lib_Lcd.mpas,111 :: 		
0x016F	0x1287      	BCF        LCD_D7_Direction, BitPos(LCD_D7_Direction+0)
;__Lib_Lcd.mpas,113 :: 		
0x0170	0x1283      	BCF        STATUS, 5
0x0171	0x1087      	BCF        LCD_EN, BitPos(LCD_EN+0)
;__Lib_Lcd.mpas,114 :: 		
0x0172	0x1007      	BCF        LCD_RS, BitPos(LCD_RS+0)
;__Lib_Lcd.mpas,115 :: 		
0x0173	0x1287      	BCF        LCD_D7, BitPos(LCD_D7+0)
;__Lib_Lcd.mpas,116 :: 		
0x0174	0x1207      	BCF        LCD_D6, BitPos(LCD_D6+0)
;__Lib_Lcd.mpas,117 :: 		
0x0175	0x1187      	BCF        LCD_D5, BitPos(LCD_D5+0)
;__Lib_Lcd.mpas,118 :: 		
0x0176	0x1107      	BCF        LCD_D4, BitPos(LCD_D4+0)
;__Lib_Lcd.mpas,120 :: 		
0x0177	0x2006      	CALL       _Delay_5500us
;__Lib_Lcd.mpas,121 :: 		
0x0178	0x2006      	CALL       _Delay_5500us
;__Lib_Lcd.mpas,122 :: 		
0x0179	0x2006      	CALL       _Delay_5500us
;__Lib_Lcd.mpas,125 :: 		
0x017A	0x1587      	BSF        LCD_D5, BitPos(LCD_D5+0)
;__Lib_Lcd.mpas,126 :: 		
0x017B	0x1507      	BSF        LCD_D4, BitPos(LCD_D4+0)
;__Lib_Lcd.mpas,127 :: 		
0x017C	0x1487      	BSF        LCD_EN, BitPos(LCD_EN+0)
;__Lib_Lcd.mpas,128 :: 		
0x017D	0x2003      	CALL       _Delay_1us
;__Lib_Lcd.mpas,129 :: 		
0x017E	0x1087      	BCF        LCD_EN, BitPos(LCD_EN+0)
;__Lib_Lcd.mpas,130 :: 		
0x017F	0x2006      	CALL       _Delay_5500us
;__Lib_Lcd.mpas,132 :: 		
0x0180	0x1487      	BSF        LCD_EN, BitPos(LCD_EN+0)
;__Lib_Lcd.mpas,133 :: 		
0x0181	0x2003      	CALL       _Delay_1us
;__Lib_Lcd.mpas,134 :: 		
0x0182	0x1087      	BCF        LCD_EN, BitPos(LCD_EN+0)
;__Lib_Lcd.mpas,135 :: 		
0x0183	0x2006      	CALL       _Delay_5500us
;__Lib_Lcd.mpas,137 :: 		
0x0184	0x1487      	BSF        LCD_EN, BitPos(LCD_EN+0)
;__Lib_Lcd.mpas,138 :: 		
0x0185	0x2003      	CALL       _Delay_1us
;__Lib_Lcd.mpas,139 :: 		
0x0186	0x1087      	BCF        LCD_EN, BitPos(LCD_EN+0)
;__Lib_Lcd.mpas,140 :: 		
0x0187	0x2006      	CALL       _Delay_5500us
;__Lib_Lcd.mpas,143 :: 		
0x0188	0x1107      	BCF        LCD_D4, BitPos(LCD_D4+0)
;__Lib_Lcd.mpas,144 :: 		
0x0189	0x1487      	BSF        LCD_EN, BitPos(LCD_EN+0)
;__Lib_Lcd.mpas,145 :: 		
0x018A	0x2003      	CALL       _Delay_1us
;__Lib_Lcd.mpas,146 :: 		
0x018B	0x1087      	BCF        LCD_EN, BitPos(LCD_EN+0)
;__Lib_Lcd.mpas,147 :: 		
0x018C	0x2006      	CALL       _Delay_5500us
;__Lib_Lcd.mpas,150 :: 		
0x018D	0x1487      	BSF        LCD_EN, BitPos(LCD_EN+0)
;__Lib_Lcd.mpas,151 :: 		
0x018E	0x2003      	CALL       _Delay_1us
;__Lib_Lcd.mpas,152 :: 		
0x018F	0x1087      	BCF        LCD_EN, BitPos(LCD_EN+0)
;__Lib_Lcd.mpas,154 :: 		
0x0190	0x1187      	BCF        LCD_D5, BitPos(LCD_D5+0)
;__Lib_Lcd.mpas,155 :: 		
0x0191	0x1687      	BSF        LCD_D7, BitPos(LCD_D7+0)
;__Lib_Lcd.mpas,156 :: 		
0x0192	0x1487      	BSF        LCD_EN, BitPos(LCD_EN+0)
;__Lib_Lcd.mpas,157 :: 		
0x0193	0x2003      	CALL       _Delay_1us
;__Lib_Lcd.mpas,158 :: 		
0x0194	0x1087      	BCF        LCD_EN, BitPos(LCD_EN+0)
;__Lib_Lcd.mpas,159 :: 		
0x0195	0x2006      	CALL       _Delay_5500us
;__Lib_Lcd.mpas,162 :: 		
0x0196	0x1287      	BCF        LCD_D7, BitPos(LCD_D7+0)
;__Lib_Lcd.mpas,163 :: 		
0x0197	0x1507      	BSF        LCD_D4, BitPos(LCD_D4+0)
;__Lib_Lcd.mpas,164 :: 		
0x0198	0x1487      	BSF        LCD_EN, BitPos(LCD_EN+0)
;__Lib_Lcd.mpas,165 :: 		
0x0199	0x2003      	CALL       _Delay_1us
;__Lib_Lcd.mpas,166 :: 		
0x019A	0x1087      	BCF        LCD_EN, BitPos(LCD_EN+0)
;__Lib_Lcd.mpas,168 :: 		
0x019B	0x1107      	BCF        LCD_D4, BitPos(LCD_D4+0)
;__Lib_Lcd.mpas,169 :: 		
0x019C	0x1487      	BSF        LCD_EN, BitPos(LCD_EN+0)
;__Lib_Lcd.mpas,170 :: 		
0x019D	0x2003      	CALL       _Delay_1us
;__Lib_Lcd.mpas,171 :: 		
0x019E	0x1087      	BCF        LCD_EN, BitPos(LCD_EN+0)
;__Lib_Lcd.mpas,172 :: 		
0x019F	0x2006      	CALL       _Delay_5500us
;__Lib_Lcd.mpas,175 :: 		
0x01A0	0x1487      	BSF        LCD_EN, BitPos(LCD_EN+0)
;__Lib_Lcd.mpas,176 :: 		
0x01A1	0x2003      	CALL       _Delay_1us
;__Lib_Lcd.mpas,177 :: 		
0x01A2	0x1087      	BCF        LCD_EN, BitPos(LCD_EN+0)
;__Lib_Lcd.mpas,179 :: 		
0x01A3	0x1507      	BSF        LCD_D4, BitPos(LCD_D4+0)
;__Lib_Lcd.mpas,180 :: 		
0x01A4	0x1487      	BSF        LCD_EN, BitPos(LCD_EN+0)
;__Lib_Lcd.mpas,181 :: 		
0x01A5	0x2003      	CALL       _Delay_1us
;__Lib_Lcd.mpas,182 :: 		
0x01A6	0x1087      	BCF        LCD_EN, BitPos(LCD_EN+0)
;__Lib_Lcd.mpas,183 :: 		
0x01A7	0x2006      	CALL       _Delay_5500us
;__Lib_Lcd.mpas,186 :: 		
0x01A8	0x1107      	BCF        LCD_D4, BitPos(LCD_D4+0)
;__Lib_Lcd.mpas,187 :: 		
0x01A9	0x1487      	BSF        LCD_EN, BitPos(LCD_EN+0)
;__Lib_Lcd.mpas,188 :: 		
0x01AA	0x2003      	CALL       _Delay_1us
;__Lib_Lcd.mpas,189 :: 		
0x01AB	0x1087      	BCF        LCD_EN, BitPos(LCD_EN+0)
;__Lib_Lcd.mpas,191 :: 		
0x01AC	0x1687      	BSF        LCD_D7, BitPos(LCD_D7+0)
;__Lib_Lcd.mpas,192 :: 		
0x01AD	0x1607      	BSF        LCD_D6, BitPos(LCD_D6+0)
;__Lib_Lcd.mpas,193 :: 		
0x01AE	0x1587      	BSF        LCD_D5, BitPos(LCD_D5+0)
;__Lib_Lcd.mpas,194 :: 		
0x01AF	0x1507      	BSF        LCD_D4, BitPos(LCD_D4+0)
;__Lib_Lcd.mpas,195 :: 		
0x01B0	0x1487      	BSF        LCD_EN, BitPos(LCD_EN+0)
;__Lib_Lcd.mpas,196 :: 		
0x01B1	0x2003      	CALL       _Delay_1us
;__Lib_Lcd.mpas,197 :: 		
0x01B2	0x1087      	BCF        LCD_EN, BitPos(LCD_EN+0)
;__Lib_Lcd.mpas,199 :: 		
0x01B3	0x2006      	CALL       _Delay_5500us
;__Lib_Lcd.mpas,201 :: 		
0x01B4	0x1436      	BSF        __Lib_Lcd_cmd_status, BitPos(__Lib_Lcd_cmd_status+0)
;__Lib_Lcd.mpas,202 :: 		
L_end_Lcd_Init:
0x01B5	0x0008      	RETURN
; end of _Lcd_Init
_Lcd_Out:
;__Lib_Lcd.mpas,207 :: 		
;__Lib_Lcd.mpas,210 :: 		
0x01B6	0x1283      	BCF        STATUS, 5
0x01B7	0x1303      	BCF        STATUS, 6
0x01B8	0x0845      	MOVF       FARG_Lcd_Out_row, 0
0x01B9	0x3A01      	XORLW      1
0x01BA	0x1D03      	BTFSS      STATUS, 2
0x01BB	0x29BF      	GOTO       L__Lcd_Out30
0x01BC	0x3080      	MOVLW      128
0x01BD	0x00C5      	MOVWF      FARG_Lcd_Out_row
0x01BE	0x29D6      	GOTO       L__Lcd_Out27
L__Lcd_Out30:
;__Lib_Lcd.mpas,211 :: 		
0x01BF	0x0845      	MOVF       FARG_Lcd_Out_row, 0
0x01C0	0x3A02      	XORLW      2
0x01C1	0x1D03      	BTFSS      STATUS, 2
0x01C2	0x29C6      	GOTO       L__Lcd_Out33
0x01C3	0x30C0      	MOVLW      192
0x01C4	0x00C5      	MOVWF      FARG_Lcd_Out_row
0x01C5	0x29D6      	GOTO       L__Lcd_Out27
L__Lcd_Out33:
;__Lib_Lcd.mpas,212 :: 		
0x01C6	0x0845      	MOVF       FARG_Lcd_Out_row, 0
0x01C7	0x3A03      	XORLW      3
0x01C8	0x1D03      	BTFSS      STATUS, 2
0x01C9	0x29CD      	GOTO       L__Lcd_Out36
0x01CA	0x3094      	MOVLW      148
0x01CB	0x00C5      	MOVWF      FARG_Lcd_Out_row
0x01CC	0x29D6      	GOTO       L__Lcd_Out27
L__Lcd_Out36:
;__Lib_Lcd.mpas,213 :: 		
0x01CD	0x0845      	MOVF       FARG_Lcd_Out_row, 0
0x01CE	0x3A04      	XORLW      4
0x01CF	0x1D03      	BTFSS      STATUS, 2
0x01D0	0x29D4      	GOTO       L__Lcd_Out39
0x01D1	0x30D4      	MOVLW      212
0x01D2	0x00C5      	MOVWF      FARG_Lcd_Out_row
;__Lib_Lcd.mpas,214 :: 		
0x01D3	0x29D6      	GOTO       L__Lcd_Out27
L__Lcd_Out39:
;__Lib_Lcd.mpas,215 :: 		
0x01D4	0x3080      	MOVLW      128
0x01D5	0x00C5      	MOVWF      FARG_Lcd_Out_row
L__Lcd_Out27:
;__Lib_Lcd.mpas,218 :: 		
0x01D6	0x0346      	DECF       FARG_Lcd_Out_column, 0
0x01D7	0x00F0      	MOVWF      R0
0x01D8	0x0845      	MOVF       FARG_Lcd_Out_row, 0
0x01D9	0x07F0      	ADDWF      R0, 1
0x01DA	0x0870      	MOVF       R0, 0
0x01DB	0x00C5      	MOVWF      FARG_Lcd_Out_row
;__Lib_Lcd.mpas,220 :: 		
0x01DC	0x0870      	MOVF       R0, 0
0x01DD	0x00CC      	MOVWF      FARG_Lcd_Cmd_out_char
0x01DE	0x201A      	CALL       _Lcd_Cmd
;__Lib_Lcd.mpas,221 :: 		
0x01DF	0x1036      	BCF        __Lib_Lcd_cmd_status, BitPos(__Lib_Lcd_cmd_status+0)
;__Lib_Lcd.mpas,222 :: 		
0x01E0	0x01C8      	CLRF       Lcd_Out_i
;__Lib_Lcd.mpas,223 :: 		
L__Lcd_Out41:
0x01E1	0x0848      	MOVF       Lcd_Out_i, 0
0x01E2	0x0747      	ADDWF      FARG_Lcd_Out_text, 0
0x01E3	0x0084      	MOVWF      FSR
0x01E4	0x0800      	MOVF       INDF, 0
0x01E5	0x3A00      	XORLW      0
0x01E6	0x1903      	BTFSC      STATUS, 2
0x01E7	0x29F0      	GOTO       L__Lcd_Out42
;__Lib_Lcd.mpas,225 :: 		
0x01E8	0x0848      	MOVF       Lcd_Out_i, 0
0x01E9	0x0747      	ADDWF      FARG_Lcd_Out_text, 0
0x01EA	0x0084      	MOVWF      FSR
0x01EB	0x0800      	MOVF       INDF, 0
0x01EC	0x00CB      	MOVWF      FARG_Lcd_Chr_CP_Out_Char
0x01ED	0x205A      	CALL       _Lcd_Chr_CP
;__Lib_Lcd.mpas,226 :: 		
0x01EE	0x0AC8      	INCF       Lcd_Out_i, 1
;__Lib_Lcd.mpas,227 :: 		
0x01EF	0x29E1      	GOTO       L__Lcd_Out41
L__Lcd_Out42:
;__Lib_Lcd.mpas,228 :: 		
0x01F0	0x1436      	BSF        __Lib_Lcd_cmd_status, BitPos(__Lib_Lcd_cmd_status+0)
;__Lib_Lcd.mpas,229 :: 		
L_end_Lcd_Out:
0x01F1	0x0008      	RETURN
; end of _Lcd_Out
_Button:
;__Lib_Button.mpas,12 :: 		
;__Lib_Button.mpas,13 :: 		
0x01F2	0x1283      	BCF        STATUS, 5
0x01F3	0x1303      	BCF        STATUS, 6
0x01F4	0x01C9      	CLRF       Button_local_result
;__Lib_Button.mpas,14 :: 		
0x01F5	0x0846      	MOVF       FARG_Button_pin, 0
0x01F6	0x00F1      	MOVWF      R1
0x01F7	0x3001      	MOVLW      1
0x01F8	0x00F0      	MOVWF      R0
0x01F9	0x0871      	MOVF       R1, 0
L__Button15:
0x01FA	0x1903      	BTFSC      STATUS, 2
0x01FB	0x2A00      	GOTO       L__Button16
0x01FC	0x0DF0      	RLF        R0, 1
0x01FD	0x1070      	BCF        R0, 0
0x01FE	0x3EFF      	ADDLW      255
0x01FF	0x29FA      	GOTO       L__Button15
L__Button16:
0x0200	0x0845      	MOVF       FARG_Button_port, 0
0x0201	0x0084      	MOVWF      FSR
0x0202	0x0870      	MOVF       R0, 0
0x0203	0x0500      	ANDWF      INDF, 0
0x0204	0x00F2      	MOVWF      R2
0x0205	0x01F1      	CLRF       R1
0x0206	0x0872      	MOVF       R2, 0
0x0207	0x3A00      	XORLW      0
0x0208	0x1903      	BTFSC      STATUS, 2
0x0209	0x2A0C      	GOTO       L__Button4
0x020A	0x3001      	MOVLW      1
0x020B	0x00F1      	MOVWF      R1
L__Button4:
0x020C	0x0871      	MOVF       R1, 0
0x020D	0x0648      	XORWF      FARG_Button_activeState, 0
0x020E	0x1D03      	BTFSS      STATUS, 2
0x020F	0x2A35      	GOTO       L__Button2
;__Lib_Button.mpas,16 :: 		
L__Button6:
0x0210	0x0847      	MOVF       FARG_Button_time, 0
0x0211	0x3C00      	SUBLW      0
0x0212	0x1803      	BTFSC      STATUS, 0
0x0213	0x2A18      	GOTO       L__Button7
;__Lib_Button.mpas,18 :: 		
0x0214	0x2062      	CALL       _Delay_500us
;__Lib_Button.mpas,19 :: 		
0x0215	0x2062      	CALL       _Delay_500us
;__Lib_Button.mpas,20 :: 		
0x0216	0x03C7      	DECF       FARG_Button_time, 1
;__Lib_Button.mpas,21 :: 		
0x0217	0x2A10      	GOTO       L__Button6
L__Button7:
;__Lib_Button.mpas,22 :: 		
0x0218	0x0846      	MOVF       FARG_Button_pin, 0
0x0219	0x00F1      	MOVWF      R1
0x021A	0x3001      	MOVLW      1
0x021B	0x00F0      	MOVWF      R0
0x021C	0x0871      	MOVF       R1, 0
L__Button17:
0x021D	0x1903      	BTFSC      STATUS, 2
0x021E	0x2A23      	GOTO       L__Button18
0x021F	0x0DF0      	RLF        R0, 1
0x0220	0x1070      	BCF        R0, 0
0x0221	0x3EFF      	ADDLW      255
0x0222	0x2A1D      	GOTO       L__Button17
L__Button18:
0x0223	0x0845      	MOVF       FARG_Button_port, 0
0x0224	0x0084      	MOVWF      FSR
0x0225	0x0870      	MOVF       R0, 0
0x0226	0x0500      	ANDWF      INDF, 0
0x0227	0x00F2      	MOVWF      R2
0x0228	0x01F1      	CLRF       R1
0x0229	0x0872      	MOVF       R2, 0
0x022A	0x3A00      	XORLW      0
0x022B	0x1903      	BTFSC      STATUS, 2
0x022C	0x2A2F      	GOTO       L__Button13
0x022D	0x3001      	MOVLW      1
0x022E	0x00F1      	MOVWF      R1
L__Button13:
0x022F	0x0871      	MOVF       R1, 0
0x0230	0x0648      	XORWF      FARG_Button_activeState, 0
0x0231	0x1D03      	BTFSS      STATUS, 2
0x0232	0x2A35      	GOTO       L__Button11
;__Lib_Button.mpas,24 :: 		
0x0233	0x30FF      	MOVLW      255
0x0234	0x00C9      	MOVWF      Button_local_result
;__Lib_Button.mpas,25 :: 		
L__Button11:
;__Lib_Button.mpas,26 :: 		
L__Button2:
;__Lib_Button.mpas,27 :: 		
0x0235	0x0849      	MOVF       Button_local_result, 0
0x0236	0x00F0      	MOVWF      R0
L_end_Button:
0x0237	0x0008      	RETURN
; end of _Button
_main:
;VideoSwitch.mbas,59 :: 		MAIN:
;VideoSwitch.mbas,61 :: 		ADCON0 = 0
0x0238	0x1283      	BCF        STATUS, 5
0x0239	0x1303      	BCF        STATUS, 6
0x023A	0x019F      	CLRF       ADCON0
;VideoSwitch.mbas,62 :: 		ADCON1 = 0
0x023B	0x1683      	BSF        STATUS, 5
0x023C	0x019F      	CLRF       ADCON1
;VideoSwitch.mbas,63 :: 		ANSEL = 0
0x023D	0x1703      	BSF        STATUS, 6
0x023E	0x0188      	CLRF       ANSEL
;VideoSwitch.mbas,64 :: 		ANSELH = 0
0x023F	0x0189      	CLRF       ANSELH
;VideoSwitch.mbas,65 :: 		CCP1CON = 0
0x0240	0x1283      	BCF        STATUS, 5
0x0241	0x1303      	BCF        STATUS, 6
0x0242	0x0197      	CLRF       CCP1CON
;VideoSwitch.mbas,66 :: 		CCP2CON = 0
0x0243	0x019D      	CLRF       CCP2CON
;VideoSwitch.mbas,72 :: 		TRISA = 0xC0                   ' 1100 0000
0x0244	0x30C0      	MOVLW      192
0x0245	0x1683      	BSF        STATUS, 5
0x0246	0x0085      	MOVWF      TRISA
;VideoSwitch.mbas,73 :: 		PORTA = 0x38                   ' 0011 1000
0x0247	0x3038      	MOVLW      56
0x0248	0x1283      	BCF        STATUS, 5
0x0249	0x0085      	MOVWF      PORTA
;VideoSwitch.mbas,74 :: 		TRISB = 0x07                   ' 0000 0111
0x024A	0x3007      	MOVLW      7
0x024B	0x1683      	BSF        STATUS, 5
0x024C	0x0086      	MOVWF      TRISB
;VideoSwitch.mbas,75 :: 		PORTB = 0x00                   ' 0000 0000
0x024D	0x1283      	BCF        STATUS, 5
0x024E	0x0186      	CLRF       PORTB
;VideoSwitch.mbas,76 :: 		TRISC = 0x00                   ' 0000 0000
0x024F	0x1683      	BSF        STATUS, 5
0x0250	0x0187      	CLRF       TRISC
;VideoSwitch.mbas,77 :: 		PORTC = 0x7F                   ' 0111 1111
0x0251	0x307F      	MOVLW      127
0x0252	0x1283      	BCF        STATUS, 5
0x0253	0x0087      	MOVWF      PORTC
;VideoSwitch.mbas,80 :: 		Line1 = "JACKSOFT"
0x0254	0x304A      	MOVLW      74
0x0255	0x00AD      	MOVWF      _Line1
0x0256	0x3041      	MOVLW      65
0x0257	0x00AE      	MOVWF      _Line1+1
0x0258	0x3043      	MOVLW      67
0x0259	0x00AF      	MOVWF      _Line1+2
0x025A	0x304B      	MOVLW      75
0x025B	0x00B0      	MOVWF      _Line1+3
0x025C	0x3053      	MOVLW      83
0x025D	0x00B1      	MOVWF      _Line1+4
0x025E	0x304F      	MOVLW      79
0x025F	0x00B2      	MOVWF      _Line1+5
0x0260	0x3046      	MOVLW      70
0x0261	0x00B3      	MOVWF      _Line1+6
0x0262	0x3054      	MOVLW      84
0x0263	0x00B4      	MOVWF      _Line1+7
0x0264	0x01B5      	CLRF       _Line1+8
;VideoSwitch.mbas,81 :: 		Line2 = "  LABS  "
0x0265	0x3020      	MOVLW      32
0x0266	0x00A4      	MOVWF      _Line2
0x0267	0x3020      	MOVLW      32
0x0268	0x00A5      	MOVWF      _Line2+1
0x0269	0x304C      	MOVLW      76
0x026A	0x00A6      	MOVWF      _Line2+2
0x026B	0x3041      	MOVLW      65
0x026C	0x00A7      	MOVWF      _Line2+3
0x026D	0x3042      	MOVLW      66
0x026E	0x00A8      	MOVWF      _Line2+4
0x026F	0x3053      	MOVLW      83
0x0270	0x00A9      	MOVWF      _Line2+5
0x0271	0x3020      	MOVLW      32
0x0272	0x00AA      	MOVWF      _Line2+6
0x0273	0x3020      	MOVLW      32
0x0274	0x00AB      	MOVWF      _Line2+7
0x0275	0x01AC      	CLRF       _Line2+8
;VideoSwitch.mbas,83 :: 		Lcd_Init()                     ' Initialize LCD (I'm using an 8x2)
0x0276	0x2168      	CALL       _Lcd_Init
;VideoSwitch.mbas,84 :: 		Lcd_Cmd(_LCD_CLEAR)            ' Clear Screen
0x0277	0x3001      	MOVLW      1
0x0278	0x00CC      	MOVWF      FARG_Lcd_Cmd_out_char
0x0279	0x201A      	CALL       _Lcd_Cmd
;VideoSwitch.mbas,85 :: 		Lcd_Cmd(_LCD_CURSOR_OFF)       ' Cursor Off (_)
0x027A	0x300C      	MOVLW      12
0x027B	0x00CC      	MOVWF      FARG_Lcd_Cmd_out_char
0x027C	0x201A      	CALL       _Lcd_Cmd
;VideoSwitch.mbas,86 :: 		Lcd_Out(1,1,Line1)             ' Send the first row to the display
0x027D	0x3001      	MOVLW      1
0x027E	0x00C5      	MOVWF      FARG_Lcd_Out_row
0x027F	0x3001      	MOVLW      1
0x0280	0x00C6      	MOVWF      FARG_Lcd_Out_column
0x0281	0x302D      	MOVLW      _Line1
0x0282	0x00C7      	MOVWF      FARG_Lcd_Out_text
0x0283	0x21B6      	CALL       _Lcd_Out
;VideoSwitch.mbas,87 :: 		Lcd_Out(2,1,Line2)             ' Send the second row to the display
0x0284	0x3002      	MOVLW      2
0x0285	0x00C5      	MOVWF      FARG_Lcd_Out_row
0x0286	0x3001      	MOVLW      1
0x0287	0x00C6      	MOVWF      FARG_Lcd_Out_column
0x0288	0x3024      	MOVLW      _Line2
0x0289	0x00C7      	MOVWF      FARG_Lcd_Out_text
0x028A	0x21B6      	CALL       _Lcd_Out
;VideoSwitch.mbas,89 :: 		PORTC.6 = 1                    ' Power-on the backlight
0x028B	0x1707      	BSF        PORTC, 6
;VideoSwitch.mbas,91 :: 		Delay_ms(50)
0x028C	0x3082      	MOVLW      130
0x028D	0x00FC      	MOVWF      R12
0x028E	0x30DD      	MOVLW      221
0x028F	0x00FD      	MOVWF      R13
L__main27:
0x0290	0x0BFD      	DECFSZ     R13, 1
0x0291	0x2A90      	GOTO       L__main27
0x0292	0x0BFC      	DECFSZ     R12, 1
0x0293	0x2A90      	GOTO       L__main27
0x0294	0x0000      	NOP
0x0295	0x0000      	NOP
;VideoSwitch.mbas,93 :: 		MaxSwitches = 8
0x0296	0x3008      	MOVLW      8
0x0297	0x00A1      	MOVWF      _MaxSwitches
;VideoSwitch.mbas,94 :: 		IF ((PORTB.1 = 1) AND (PORTB.2 = 0)) THEN
0x0298	0x1886      	BTFSC      PORTB, 1
0x0299	0x2A9C      	GOTO       L__main82
0x029A	0x1072      	BCF        R2, 0
0x029B	0x2A9D      	GOTO       L__main83
L__main82:
0x029C	0x1472      	BSF        R2, 0
L__main83:
0x029D	0x1906      	BTFSC      PORTB, 2
0x029E	0x2AA1      	GOTO       L__main84
0x029F	0x1403      	BSF        STATUS, 0
0x02A0	0x2AA2      	GOTO       L__main85
L__main84:
0x02A1	0x1003      	BCF        STATUS, 0
L__main85:
0x02A2	0x1C72      	BTFSS      R2, 0
0x02A3	0x2AA8      	GOTO       L__main86
0x02A4	0x1C03      	BTFSS      STATUS, 0
0x02A5	0x2AA8      	GOTO       L__main86
0x02A6	0x1472      	BSF        R2, 0
0x02A7	0x2AA9      	GOTO       L__main87
L__main86:
0x02A8	0x1072      	BCF        R2, 0
L__main87:
0x02A9	0x1C72      	BTFSS      R2, 0
0x02AA	0x2AAD      	GOTO       L__main29
;VideoSwitch.mbas,95 :: 		MaxSwitches = 16
0x02AB	0x3010      	MOVLW      16
0x02AC	0x00A1      	MOVWF      _MaxSwitches
L__main29:
;VideoSwitch.mbas,97 :: 		IF ((PORTB.1 = 1) AND (PORTB.2 = 1)) THEN
0x02AD	0x1886      	BTFSC      PORTB, 1
0x02AE	0x2AB1      	GOTO       L__main88
0x02AF	0x1072      	BCF        R2, 0
0x02B0	0x2AB2      	GOTO       L__main89
L__main88:
0x02B1	0x1472      	BSF        R2, 0
L__main89:
0x02B2	0x1906      	BTFSC      PORTB, 2
0x02B3	0x2AB6      	GOTO       L__main90
0x02B4	0x1003      	BCF        STATUS, 0
0x02B5	0x2AB7      	GOTO       L__main91
L__main90:
0x02B6	0x1403      	BSF        STATUS, 0
L__main91:
0x02B7	0x1C72      	BTFSS      R2, 0
0x02B8	0x2ABD      	GOTO       L__main92
0x02B9	0x1C03      	BTFSS      STATUS, 0
0x02BA	0x2ABD      	GOTO       L__main92
0x02BB	0x1472      	BSF        R2, 0
0x02BC	0x2ABE      	GOTO       L__main93
L__main92:
0x02BD	0x1072      	BCF        R2, 0
L__main93:
0x02BE	0x1C72      	BTFSS      R2, 0
0x02BF	0x2AC2      	GOTO       L__main32
;VideoSwitch.mbas,98 :: 		MaxSwitches = 24
0x02C0	0x3018      	MOVLW      24
0x02C1	0x00A1      	MOVWF      _MaxSwitches
L__main32:
;VideoSwitch.mbas,102 :: 		IF (EEProm_Read(0x00) = 0xFF) THEN
0x02C2	0x01C5      	CLRF       FARG_EEPROM_Read_address
0x02C3	0x212D      	CALL       _EEPROM_Read
0x02C4	0x0870      	MOVF       R0, 0
0x02C5	0x3AFF      	XORLW      255
0x02C6	0x1D03      	BTFSS      STATUS, 2
0x02C7	0x2AD7      	GOTO       L__main35
;VideoSwitch.mbas,103 :: 		Delay_ms(50)
0x02C8	0x3082      	MOVLW      130
0x02C9	0x00FC      	MOVWF      R12
0x02CA	0x30DD      	MOVLW      221
0x02CB	0x00FD      	MOVWF      R13
L__main37:
0x02CC	0x0BFD      	DECFSZ     R13, 1
0x02CD	0x2ACC      	GOTO       L__main37
0x02CE	0x0BFC      	DECFSZ     R12, 1
0x02CF	0x2ACC      	GOTO       L__main37
0x02D0	0x0000      	NOP
0x02D1	0x0000      	NOP
;VideoSwitch.mbas,104 :: 		EEProm_Write(0x00, 1)
0x02D2	0x1303      	BCF        STATUS, 6
0x02D3	0x01C5      	CLRF       FARG_EEPROM_Write_address
0x02D4	0x3001      	MOVLW      1
0x02D5	0x00C6      	MOVWF      FARG_EEPROM_Write_data_
0x02D6	0x20A1      	CALL       _EEPROM_Write
L__main35:
;VideoSwitch.mbas,106 :: 		Delay_ms(50)
0x02D7	0x3082      	MOVLW      130
0x02D8	0x00FC      	MOVWF      R12
0x02D9	0x30DD      	MOVLW      221
0x02DA	0x00FD      	MOVWF      R13
L__main38:
0x02DB	0x0BFD      	DECFSZ     R13, 1
0x02DC	0x2ADB      	GOTO       L__main38
0x02DD	0x0BFC      	DECFSZ     R12, 1
0x02DE	0x2ADB      	GOTO       L__main38
0x02DF	0x0000      	NOP
0x02E0	0x0000      	NOP
;VideoSwitch.mbas,107 :: 		IF (EEProm_Read(0x00) <= MaxSwitches) THEN
0x02E1	0x1283      	BCF        STATUS, 5
0x02E2	0x1303      	BCF        STATUS, 6
0x02E3	0x01C5      	CLRF       FARG_EEPROM_Read_address
0x02E4	0x212D      	CALL       _EEPROM_Read
0x02E5	0x0870      	MOVF       R0, 0
0x02E6	0x1303      	BCF        STATUS, 6
0x02E7	0x0221      	SUBWF      _MaxSwitches, 0
0x02E8	0x1C03      	BTFSS      STATUS, 0
0x02E9	0x2AF0      	GOTO       L__main40
;VideoSwitch.mbas,108 :: 		VideoPort = EEProm_Read(0x00)
0x02EA	0x01C5      	CLRF       FARG_EEPROM_Read_address
0x02EB	0x212D      	CALL       _EEPROM_Read
0x02EC	0x0870      	MOVF       R0, 0
0x02ED	0x1303      	BCF        STATUS, 6
0x02EE	0x00A0      	MOVWF      _VideoPort
0x02EF	0x2B00      	GOTO       L__main41
;VideoSwitch.mbas,109 :: 		ELSE
L__main40:
;VideoSwitch.mbas,110 :: 		VideoPort = 1
0x02F0	0x3001      	MOVLW      1
0x02F1	0x00A0      	MOVWF      _VideoPort
;VideoSwitch.mbas,111 :: 		Delay_ms(50)
0x02F2	0x3082      	MOVLW      130
0x02F3	0x00FC      	MOVWF      R12
0x02F4	0x30DD      	MOVLW      221
0x02F5	0x00FD      	MOVWF      R13
L__main42:
0x02F6	0x0BFD      	DECFSZ     R13, 1
0x02F7	0x2AF6      	GOTO       L__main42
0x02F8	0x0BFC      	DECFSZ     R12, 1
0x02F9	0x2AF6      	GOTO       L__main42
0x02FA	0x0000      	NOP
0x02FB	0x0000      	NOP
;VideoSwitch.mbas,112 :: 		EEProm_Write(0x00, VideoPort)
0x02FC	0x01C5      	CLRF       FARG_EEPROM_Write_address
0x02FD	0x0820      	MOVF       _VideoPort, 0
0x02FE	0x00C6      	MOVWF      FARG_EEPROM_Write_data_
0x02FF	0x20A1      	CALL       _EEPROM_Write
;VideoSwitch.mbas,113 :: 		END IF
L__main41:
;VideoSwitch.mbas,116 :: 		LCDBackCycle = 0
0x0300	0x1283      	BCF        STATUS, 5
0x0301	0x1303      	BCF        STATUS, 6
0x0302	0x01A3      	CLRF       _LCDBackCycle
;VideoSwitch.mbas,117 :: 		LCDBackCycleMax = 20           ' *100ms
0x0303	0x3014      	MOVLW      20
0x0304	0x00A2      	MOVWF      _LCDBackCycleMax
;VideoSwitch.mbas,119 :: 		Delay_ms(1000)
0x0305	0x300B      	MOVLW      11
0x0306	0x00FB      	MOVWF      R11
0x0307	0x3026      	MOVLW      38
0x0308	0x00FC      	MOVWF      R12
0x0309	0x305D      	MOVLW      93
0x030A	0x00FD      	MOVWF      R13
L__main43:
0x030B	0x0BFD      	DECFSZ     R13, 1
0x030C	0x2B0B      	GOTO       L__main43
0x030D	0x0BFC      	DECFSZ     R12, 1
0x030E	0x2B0B      	GOTO       L__main43
0x030F	0x0BFB      	DECFSZ     R11, 1
0x0310	0x2B0B      	GOTO       L__main43
0x0311	0x0000      	NOP
0x0312	0x0000      	NOP
;VideoSwitch.mbas,120 :: 		Lcd_Cmd(_LCD_CLEAR)
0x0313	0x3001      	MOVLW      1
0x0314	0x00CC      	MOVWF      FARG_Lcd_Cmd_out_char
0x0315	0x201A      	CALL       _Lcd_Cmd
;VideoSwitch.mbas,122 :: 		Line1 = " VIDEO  "
0x0316	0x3020      	MOVLW      32
0x0317	0x00AD      	MOVWF      _Line1
0x0318	0x3056      	MOVLW      86
0x0319	0x00AE      	MOVWF      _Line1+1
0x031A	0x3049      	MOVLW      73
0x031B	0x00AF      	MOVWF      _Line1+2
0x031C	0x3044      	MOVLW      68
0x031D	0x00B0      	MOVWF      _Line1+3
0x031E	0x3045      	MOVLW      69
0x031F	0x00B1      	MOVWF      _Line1+4
0x0320	0x304F      	MOVLW      79
0x0321	0x00B2      	MOVWF      _Line1+5
0x0322	0x3020      	MOVLW      32
0x0323	0x00B3      	MOVWF      _Line1+6
0x0324	0x3020      	MOVLW      32
0x0325	0x00B4      	MOVWF      _Line1+7
0x0326	0x01B5      	CLRF       _Line1+8
;VideoSwitch.mbas,123 :: 		Line2 = " SWITCH "
0x0327	0x3020      	MOVLW      32
0x0328	0x00A4      	MOVWF      _Line2
0x0329	0x3053      	MOVLW      83
0x032A	0x00A5      	MOVWF      _Line2+1
0x032B	0x3057      	MOVLW      87
0x032C	0x00A6      	MOVWF      _Line2+2
0x032D	0x3049      	MOVLW      73
0x032E	0x00A7      	MOVWF      _Line2+3
0x032F	0x3054      	MOVLW      84
0x0330	0x00A8      	MOVWF      _Line2+4
0x0331	0x3043      	MOVLW      67
0x0332	0x00A9      	MOVWF      _Line2+5
0x0333	0x3048      	MOVLW      72
0x0334	0x00AA      	MOVWF      _Line2+6
0x0335	0x3020      	MOVLW      32
0x0336	0x00AB      	MOVWF      _Line2+7
0x0337	0x01AC      	CLRF       _Line2+8
;VideoSwitch.mbas,124 :: 		Lcd_Out(1,1,Line1)
0x0338	0x3001      	MOVLW      1
0x0339	0x00C5      	MOVWF      FARG_Lcd_Out_row
0x033A	0x3001      	MOVLW      1
0x033B	0x00C6      	MOVWF      FARG_Lcd_Out_column
0x033C	0x302D      	MOVLW      _Line1
0x033D	0x00C7      	MOVWF      FARG_Lcd_Out_text
0x033E	0x21B6      	CALL       _Lcd_Out
;VideoSwitch.mbas,125 :: 		Lcd_Out(2,1,Line2)
0x033F	0x3002      	MOVLW      2
0x0340	0x00C5      	MOVWF      FARG_Lcd_Out_row
0x0341	0x3001      	MOVLW      1
0x0342	0x00C6      	MOVWF      FARG_Lcd_Out_column
0x0343	0x3024      	MOVLW      _Line2
0x0344	0x00C7      	MOVWF      FARG_Lcd_Out_text
0x0345	0x21B6      	CALL       _Lcd_Out
;VideoSwitch.mbas,127 :: 		WHILE (TRUE)
L__main45:
;VideoSwitch.mbas,129 :: 		IF Button(PORTA,6,1,1) THEN
0x0346	0x3005      	MOVLW      PORTA
0x0347	0x00C5      	MOVWF      FARG_Button_port
0x0348	0x3006      	MOVLW      6
0x0349	0x00C6      	MOVWF      FARG_Button_pin
0x034A	0x3001      	MOVLW      1
0x034B	0x00C7      	MOVWF      FARG_Button_time
0x034C	0x3001      	MOVLW      1
0x034D	0x00C8      	MOVWF      FARG_Button_activeState
0x034E	0x21F2      	CALL       _Button
0x034F	0x0870      	MOVF       R0, 0
0x0350	0x1903      	BTFSC      STATUS, 2
0x0351	0x2B6D      	GOTO       L__main50
;VideoSwitch.mbas,130 :: 		IF (VideoPort < MaxSwitches) THEN
0x0352	0x0821      	MOVF       _MaxSwitches, 0
0x0353	0x0220      	SUBWF      _VideoPort, 0
0x0354	0x1803      	BTFSC      STATUS, 0
0x0355	0x2B5B      	GOTO       L__main53
;VideoSwitch.mbas,131 :: 		Inc(VideoPort)
0x0356	0x0AA0      	INCF       _VideoPort, 1
;VideoSwitch.mbas,132 :: 		EEProm_Write(0x00, VideoPort)
0x0357	0x01C5      	CLRF       FARG_EEPROM_Write_address
0x0358	0x0820      	MOVF       _VideoPort, 0
0x0359	0x00C6      	MOVWF      FARG_EEPROM_Write_data_
0x035A	0x20A1      	CALL       _EEPROM_Write
L__main53:
;VideoSwitch.mbas,134 :: 		LCDBackCycle = 0
0x035B	0x1283      	BCF        STATUS, 5
0x035C	0x1303      	BCF        STATUS, 6
0x035D	0x01A3      	CLRF       _LCDBackCycle
;VideoSwitch.mbas,135 :: 		PORTC.6 = 1
0x035E	0x1707      	BSF        PORTC, 6
;VideoSwitch.mbas,136 :: 		Delay_ms(300)
0x035F	0x3004      	MOVLW      4
0x0360	0x00FB      	MOVWF      R11
0x0361	0x300C      	MOVLW      12
0x0362	0x00FC      	MOVWF      R12
0x0363	0x3033      	MOVLW      51
0x0364	0x00FD      	MOVWF      R13
L__main55:
0x0365	0x0BFD      	DECFSZ     R13, 1
0x0366	0x2B65      	GOTO       L__main55
0x0367	0x0BFC      	DECFSZ     R12, 1
0x0368	0x2B65      	GOTO       L__main55
0x0369	0x0BFB      	DECFSZ     R11, 1
0x036A	0x2B65      	GOTO       L__main55
0x036B	0x0000      	NOP
0x036C	0x0000      	NOP
L__main50:
;VideoSwitch.mbas,138 :: 		IF Button(PORTA,7,1,1) THEN
0x036D	0x3005      	MOVLW      PORTA
0x036E	0x00C5      	MOVWF      FARG_Button_port
0x036F	0x3007      	MOVLW      7
0x0370	0x00C6      	MOVWF      FARG_Button_pin
0x0371	0x3001      	MOVLW      1
0x0372	0x00C7      	MOVWF      FARG_Button_time
0x0373	0x3001      	MOVLW      1
0x0374	0x00C8      	MOVWF      FARG_Button_activeState
0x0375	0x21F2      	CALL       _Button
0x0376	0x0870      	MOVF       R0, 0
0x0377	0x1903      	BTFSC      STATUS, 2
0x0378	0x2B94      	GOTO       L__main57
;VideoSwitch.mbas,139 :: 		IF (VideoPort > 1) THEN
0x0379	0x0820      	MOVF       _VideoPort, 0
0x037A	0x3C01      	SUBLW      1
0x037B	0x1803      	BTFSC      STATUS, 0
0x037C	0x2B82      	GOTO       L__main60
;VideoSwitch.mbas,140 :: 		Dec(VideoPort)
0x037D	0x03A0      	DECF       _VideoPort, 1
;VideoSwitch.mbas,141 :: 		EEProm_Write(0x00, VideoPort)
0x037E	0x01C5      	CLRF       FARG_EEPROM_Write_address
0x037F	0x0820      	MOVF       _VideoPort, 0
0x0380	0x00C6      	MOVWF      FARG_EEPROM_Write_data_
0x0381	0x20A1      	CALL       _EEPROM_Write
L__main60:
;VideoSwitch.mbas,143 :: 		LCDBackCycle = 0
0x0382	0x1283      	BCF        STATUS, 5
0x0383	0x1303      	BCF        STATUS, 6
0x0384	0x01A3      	CLRF       _LCDBackCycle
;VideoSwitch.mbas,144 :: 		PORTC.6 = 1
0x0385	0x1707      	BSF        PORTC, 6
;VideoSwitch.mbas,145 :: 		Delay_ms(300)
0x0386	0x3004      	MOVLW      4
0x0387	0x00FB      	MOVWF      R11
0x0388	0x300C      	MOVLW      12
0x0389	0x00FC      	MOVWF      R12
0x038A	0x3033      	MOVLW      51
0x038B	0x00FD      	MOVWF      R13
L__main62:
0x038C	0x0BFD      	DECFSZ     R13, 1
0x038D	0x2B8C      	GOTO       L__main62
0x038E	0x0BFC      	DECFSZ     R12, 1
0x038F	0x2B8C      	GOTO       L__main62
0x0390	0x0BFB      	DECFSZ     R11, 1
0x0391	0x2B8C      	GOTO       L__main62
0x0392	0x0000      	NOP
0x0393	0x0000      	NOP
L__main57:
;VideoSwitch.mbas,149 :: 		IF (VideoPort <> VideoPortOld) THEN
0x0394	0x0820      	MOVF       _VideoPort, 0
0x0395	0x063B      	XORWF      _VideoPortOld, 0
0x0396	0x1903      	BTFSC      STATUS, 2
0x0397	0x2BFC      	GOTO       L__main64
;VideoSwitch.mbas,150 :: 		VideoPortOld = VideoPort
0x0398	0x0820      	MOVF       _VideoPort, 0
0x0399	0x00BB      	MOVWF      _VideoPortOld
;VideoSwitch.mbas,151 :: 		ByteToStr(VideoPort, VideoPortStr)
0x039A	0x0820      	MOVF       _VideoPort, 0
0x039B	0x00C5      	MOVWF      FARG_ByteToStr_input
0x039C	0x3037      	MOVLW      _VideoPortStr
0x039D	0x00C6      	MOVWF      FARG_ByteToStr_output
0x039E	0x213B      	CALL       _ByteToStr
;VideoSwitch.mbas,152 :: 		Line2 = "INPUT" + VideoPortStr
0x039F	0x3024      	MOVLW      _Line2
0x03A0	0x0084      	MOVWF      FSR
0x03A1	0x3049      	MOVLW      73
0x03A2	0x0080      	MOVWF      INDF
0x03A3	0x0A84      	INCF       FSR, 1
0x03A4	0x304E      	MOVLW      78
0x03A5	0x0080      	MOVWF      INDF
0x03A6	0x0A84      	INCF       FSR, 1
0x03A7	0x3050      	MOVLW      80
0x03A8	0x0080      	MOVWF      INDF
0x03A9	0x0A84      	INCF       FSR, 1
0x03AA	0x3055      	MOVLW      85
0x03AB	0x0080      	MOVWF      INDF
0x03AC	0x0A84      	INCF       FSR, 1
0x03AD	0x3054      	MOVLW      84
0x03AE	0x0080      	MOVWF      INDF
0x03AF	0x0A84      	INCF       FSR, 1
0x03B0	0x3037      	MOVLW      _VideoPortStr
0x03B1	0x00F1      	MOVWF      R1
0x03B2	0x2089      	CALL       ___CS2S
0x03B3	0x0180      	CLRF       INDF
;VideoSwitch.mbas,153 :: 		Lcd_Out(2,1,Line2)
0x03B4	0x3002      	MOVLW      2
0x03B5	0x00C5      	MOVWF      FARG_Lcd_Out_row
0x03B6	0x3001      	MOVLW      1
0x03B7	0x00C6      	MOVWF      FARG_Lcd_Out_column
0x03B8	0x3024      	MOVLW      _Line2
0x03B9	0x00C7      	MOVWF      FARG_Lcd_Out_text
0x03BA	0x21B6      	CALL       _Lcd_Out
;VideoSwitch.mbas,155 :: 		IF (VideoPort <= 8) THEN
0x03BB	0x0820      	MOVF       _VideoPort, 0
0x03BC	0x3C08      	SUBLW      8
0x03BD	0x1C03      	BTFSS      STATUS, 0
0x03BE	0x2BC4      	GOTO       L__main67
;VideoSwitch.mbas,156 :: 		VideoPortCount = VideoPort
0x03BF	0x0820      	MOVF       _VideoPort, 0
0x03C0	0x00C0      	MOVWF      _VideoPortCount
;VideoSwitch.mbas,157 :: 		PORTA.3 = 0
0x03C1	0x1185      	BCF        PORTA, 3
;VideoSwitch.mbas,158 :: 		PORTA.4 = 1
0x03C2	0x1605      	BSF        PORTA, 4
;VideoSwitch.mbas,159 :: 		PORTA.5 = 1
0x03C3	0x1685      	BSF        PORTA, 5
L__main67:
;VideoSwitch.mbas,161 :: 		IF (VideoPort >= 9) THEN
0x03C4	0x3009      	MOVLW      9
0x03C5	0x0220      	SUBWF      _VideoPort, 0
0x03C6	0x1C03      	BTFSS      STATUS, 0
0x03C7	0x2BCE      	GOTO       L__main70
;VideoSwitch.mbas,162 :: 		VideoPortCount = VideoPort - 8
0x03C8	0x3008      	MOVLW      8
0x03C9	0x0220      	SUBWF      _VideoPort, 0
0x03CA	0x00C0      	MOVWF      _VideoPortCount
;VideoSwitch.mbas,163 :: 		PORTA.3 = 1
0x03CB	0x1585      	BSF        PORTA, 3
;VideoSwitch.mbas,164 :: 		PORTA.4 = 0
0x03CC	0x1205      	BCF        PORTA, 4
;VideoSwitch.mbas,165 :: 		PORTA.5 = 1
0x03CD	0x1685      	BSF        PORTA, 5
L__main70:
;VideoSwitch.mbas,167 :: 		IF (VideoPort >= 17) THEN
0x03CE	0x3011      	MOVLW      17
0x03CF	0x0220      	SUBWF      _VideoPort, 0
0x03D0	0x1C03      	BTFSS      STATUS, 0
0x03D1	0x2BD8      	GOTO       L__main73
;VideoSwitch.mbas,168 :: 		VideoPortCount = VideoPort - 16
0x03D2	0x3010      	MOVLW      16
0x03D3	0x0220      	SUBWF      _VideoPort, 0
0x03D4	0x00C0      	MOVWF      _VideoPortCount
;VideoSwitch.mbas,169 :: 		PORTA.3 = 1
0x03D5	0x1585      	BSF        PORTA, 3
;VideoSwitch.mbas,170 :: 		PORTA.4 = 1
0x03D6	0x1605      	BSF        PORTA, 4
;VideoSwitch.mbas,171 :: 		PORTA.5 = 0
0x03D7	0x1285      	BCF        PORTA, 5
L__main73:
;VideoSwitch.mbas,174 :: 		PortsBits = DecToBin(VideoPortCount)
0x03D8	0x0840      	MOVF       _VideoPortCount, 0
0x03D9	0x00C5      	MOVWF      FARG_DecToBin_decin
0x03DA	0x3041      	MOVLW      FLOC__main
0x03DB	0x00F0      	MOVWF      R0
0x03DC	0x20C2      	CALL       _DecToBin
0x03DD	0x303C      	MOVLW      _PortsBits
0x03DE	0x0084      	MOVWF      FSR
0x03DF	0x3041      	MOVLW      FLOC__main
0x03E0	0x00F1      	MOVWF      R1
0x03E1	0x2089      	CALL       ___CS2S
0x03E2	0x0180      	CLRF       INDF
;VideoSwitch.mbas,175 :: 		Delay_ms(20)
0x03E3	0x3034      	MOVLW      52
0x03E4	0x00FC      	MOVWF      R12
0x03E5	0x30F1      	MOVLW      241
0x03E6	0x00FD      	MOVWF      R13
L__main75:
0x03E7	0x0BFD      	DECFSZ     R13, 1
0x03E8	0x2BE7      	GOTO       L__main75
0x03E9	0x0BFC      	DECFSZ     R12, 1
0x03EA	0x2BE7      	GOTO       L__main75
0x03EB	0x0000      	NOP
0x03EC	0x0000      	NOP
;VideoSwitch.mbas,176 :: 		PORTA.0 = PortsBits[0]
0x03ED	0x183C      	BTFSC      _PortsBits, 0
0x03EE	0x2BF1      	GOTO       L__main94
0x03EF	0x1005      	BCF        PORTA, 0
0x03F0	0x2BF2      	GOTO       L__main95
L__main94:
0x03F1	0x1405      	BSF        PORTA, 0
L__main95:
;VideoSwitch.mbas,177 :: 		PORTA.1 = PortsBits[1]
0x03F2	0x183D      	BTFSC      _PortsBits+1, 0
0x03F3	0x2BF6      	GOTO       L__main96
0x03F4	0x1085      	BCF        PORTA, 1
0x03F5	0x2BF7      	GOTO       L__main97
L__main96:
0x03F6	0x1485      	BSF        PORTA, 1
L__main97:
;VideoSwitch.mbas,178 :: 		PORTA.2 = PortsBits[2]
0x03F7	0x183E      	BTFSC      _PortsBits+2, 0
0x03F8	0x2BFB      	GOTO       L__main98
0x03F9	0x1105      	BCF        PORTA, 2
0x03FA	0x2BFC      	GOTO       L__main99
L__main98:
0x03FB	0x1505      	BSF        PORTA, 2
L__main99:
L__main64:
;VideoSwitch.mbas,182 :: 		IF (LCDBackCycle >= LCDBackCycleMax) THEN
0x03FC	0x0822      	MOVF       _LCDBackCycleMax, 0
0x03FD	0x0223      	SUBWF      _LCDBackCycle, 0
0x03FE	0x1C03      	BTFSS      STATUS, 0
0x03FF	0x2C02      	GOTO       L__main77
;VideoSwitch.mbas,183 :: 		PORTC.6 = 0
0x0400	0x1307      	BCF        PORTC, 6
0x0401	0x2C03      	GOTO       L__main78
;VideoSwitch.mbas,184 :: 		ELSE
L__main77:
;VideoSwitch.mbas,185 :: 		Inc(LCDBackCycle)
0x0402	0x0AA3      	INCF       _LCDBackCycle, 1
;VideoSwitch.mbas,186 :: 		END IF
L__main78:
;VideoSwitch.mbas,187 :: 		Delay_ms(100)
0x0403	0x3002      	MOVLW      2
0x0404	0x00FB      	MOVWF      R11
0x0405	0x3004      	MOVLW      4
0x0406	0x00FC      	MOVWF      R12
0x0407	0x30BA      	MOVLW      186
0x0408	0x00FD      	MOVWF      R13
L__main79:
0x0409	0x0BFD      	DECFSZ     R13, 1
0x040A	0x2C09      	GOTO       L__main79
0x040B	0x0BFC      	DECFSZ     R12, 1
0x040C	0x2C09      	GOTO       L__main79
0x040D	0x0BFB      	DECFSZ     R11, 1
0x040E	0x2C09      	GOTO       L__main79
0x040F	0x0000      	NOP
;VideoSwitch.mbas,188 :: 		WEND
0x0410	0x2B46      	GOTO       L__main45
L_end_main:
0x0411	0x2C11      	GOTO       $+0
; end of _main
Symbol List:
//** Routines locations **
//ADDRESS    SIZE    PROCEDURE
//----------------------------------------------
0x0003       [3]    _Delay_1us
0x0006      [13]    _Delay_5500us
0x0013       [7]    _Delay_50us
0x001A      [64]    _Lcd_Cmd
0x005A       [8]    _Lcd_Chr_CP
0x0062      [13]    _Delay_500us
0x006F      [26]    _Div_8x8_U
0x0089      [24]    ___CS2S
0x00A1      [33]    _EEPROM_Write
0x00C2     [107]    _DecToBin
0x012D      [14]    _EEPROM_Read
0x013B      [45]    _ByteToStr
0x0168      [78]    _Lcd_Init
0x01B6      [60]    _Lcd_Out
0x01F2      [70]    _Button
0x0238     [474]    _main
//** Variables locations ** 
//ADDRESS    SIZE    VARIABLE
//----------------------------------------------
0x0000       [1]    INDF
0x0003       [1]    STATUS
0x0004       [1]    FSR
0x0005       [1]    PORTA
0x0006       [1]    PORTB
0x0007       [0]    RC0_bit
0x0007       [0]    LCD_D4
0x0007       [0]    RC1_bit
0x0007       [0]    LCD_D6
0x0007       [0]    LCD_D7
0x0007       [0]    LCD_D5
0x0007       [1]    PORTC
0x0007       [0]    LCD_EN
0x0007       [0]    RC3_bit
0x0007       [0]    RC2_bit
0x0007       [0]    LCD_RS
0x0007       [0]    RC4_bit
0x0007       [0]    RC5_bit
0x000B       [1]    INTCON
0x0017       [1]    CCP1CON
0x001D       [1]    CCP2CON
0x001F       [1]    ADCON0
0x0020       [1]    _VideoPort
0x0021       [1]    _MaxSwitches
0x0022       [1]    _LCDBackCycleMax
0x0023       [1]    _LCDBackCycle
0x0024       [9]    _Line2
0x002D       [9]    _Line1
0x0036       [0]    __Lib_Lcd_cmd_status
0x0037       [4]    _VideoPortStr
0x003B       [1]    _VideoPortOld
0x003C       [4]    _PortsBits
0x0040       [1]    _VideoPortCount
0x0041       [4]    FLOC__main
0x0045       [1]    FARG_Button_port
0x0045       [1]    FARG_ByteToStr_input
0x0045       [1]    FARG_Lcd_Out_row
0x0045       [1]    FARG_DecToBin_decin
0x0045       [1]    FARG_EEPROM_Read_address
0x0045       [1]    FARG_EEPROM_Write_address
0x0046       [1]    FARG_Lcd_Out_column
0x0046       [1]    FARG_EEPROM_Write_data_
0x0046       [1]    FARG_ByteToStr_output
0x0046       [1]    FARG_Button_pin
0x0046       [1]    DecToBin_local_result
0x0047       [1]    FARG_Button_time
0x0047       [4]    DecToBin_tmpport
0x0047       [1]    FARG_Lcd_Out_text
0x0047       [1]    ByteToStr_ptr
0x0048       [1]    FARG_Button_activeState
0x0048       [1]    Lcd_Out_i
0x0049       [1]    Button_local_result
0x004B       [1]    FARG_Lcd_Chr_CP_Out_Char
0x004C       [1]    FARG_Lcd_Cmd_out_char
0x0070       [1]    R0
0x0071       [1]    R1
0x0072       [1]    R2
0x0073       [1]    R3
0x0074       [1]    R4
0x0075       [1]    R5
0x0076       [1]    R6
0x0077       [1]    R7
0x0078       [1]    R8
0x0079       [1]    R9
0x007A       [1]    R10
0x007B       [1]    R11
0x007C       [1]    R12
0x007D       [1]    R13
0x007E       [1]    R14
0x007F       [1]    R15
0x0085       [1]    TRISA
0x0086       [1]    TRISB
0x0087       [0]    LCD_EN_Direction
0x0087       [0]    LCD_RS_Direction
0x0087       [0]    TRISC0_bit
0x0087       [0]    LCD_D4_Direction
0x0087       [0]    LCD_D7_Direction
0x0087       [0]    LCD_D6_Direction
0x0087       [0]    LCD_D5_Direction
0x0087       [0]    TRISC1_bit
0x0087       [0]    TRISC5_bit
0x0087       [1]    TRISC
0x0087       [0]    TRISC2_bit
0x0087       [0]    TRISC3_bit
0x0087       [0]    TRISC4_bit
0x009F       [1]    ADCON1
0x010C       [1]    EEDATA
0x010D       [1]    EEADR
0x0188       [1]    ANSEL
0x0189       [1]    ANSELH
0x018C       [1]    EECON1
0x018D       [1]    EECON2
